
*** Running vivado
    with args -log seq_detect_tb.vds -m64 -product Vivado -mode batch -messageDb vivado.pb -notrace -source seq_detect_tb.tcl



****** Vivado v2024.1 (64-bit)
  **** SW Build 5076996 on Wed May 22 18:37:14 MDT 2024
  **** IP Build 5075265 on Wed May 22 21:45:21 MDT 2024
  **** SharedData Build 5076995 on Wed May 22 18:29:18 MDT 2024
  **** Start of session at: Fri Nov  8 01:23:00 2024
    ** Copyright 1986-2022 Xilinx, Inc. All Rights Reserved.
    ** Copyright 2022-2024 Advanced Micro Devices, Inc. All Rights Reserved.

source seq_detect_tb.tcl -notrace
Command: read_checkpoint -auto_incremental -incremental G:/Vivado/seq_detect/seq_detect.srcs/utils_1/imports/synth_1/seq_detect_tb.dcp
INFO: [Vivado 12-5825] Read reference checkpoint from G:/Vivado/seq_detect/seq_detect.srcs/utils_1/imports/synth_1/seq_detect_tb.dcp for incremental synthesis
INFO: [Vivado 12-7989] Please ensure there are no constraint changes
Command: synth_design -top seq_detect_tb -part xc7vx485tffg1157-1
Starting synth_design
Attempting to get a license for feature 'Synthesis' and/or device 'xc7vx485t'
INFO: [Common 17-349] Got license for feature 'Synthesis' and/or device 'xc7vx485t'
INFO: [Designutils 20-5440] No compile time benefit to using incremental synthesis; A full resynthesis will be run
INFO: [Designutils 20-4379] Flow is switching to default flow due to incremental criteria not met. If you would like to alter this behaviour and have the flow terminate instead, please set the following parameter config_implementation {autoIncr.Synth.RejectBehavior Terminate}
INFO: [Synth 8-7079] Multithreading enabled for synth_design using a maximum of 2 processes.
INFO: [Synth 8-7078] Launching helper process for spawning children vivado processes
INFO: [Synth 8-7075] Helper process launched with PID 19448
---------------------------------------------------------------------------------
Starting Synthesize : Time (s): cpu = 00:00:01 ; elapsed = 00:00:03 . Memory (MB): peak = 1117.492 ; gain = 450.000
---------------------------------------------------------------------------------
INFO: [Synth 8-6157] synthesizing module 'seq_detect_tb' [G:/Vivado/seq_detect/seq_detect.srcs/sources_1/new/seq_detect_tb.v:2]
WARNING: [Synth 8-2898] ignoring malformed $readmem task: invalid memory name [G:/Vivado/seq_detect/seq_detect.srcs/sources_1/new/seq_detect_tb.v:35]
INFO: [Synth 8-6157] synthesizing module 'seq_detect' [G:/Vivado/seq_detect/seq_detect.srcs/sources_1/new/seq_detect.v:2]
INFO: [Synth 8-6155] done synthesizing module 'seq_detect' (0#1) [G:/Vivado/seq_detect/seq_detect.srcs/sources_1/new/seq_detect.v:2]
WARNING: [Synth 8-85] always block has no event control specified [G:/Vivado/seq_detect/seq_detect.srcs/sources_1/new/seq_detect_tb.v:22]
INFO: [Synth 8-6155] done synthesizing module 'seq_detect_tb' (0#1) [G:/Vivado/seq_detect/seq_detect.srcs/sources_1/new/seq_detect_tb.v:2]
WARNING: [Synth 8-6014] Unused sequential element i_reg was removed.  [G:/Vivado/seq_detect/seq_detect.srcs/sources_1/new/seq_detect_tb.v:39]
---------------------------------------------------------------------------------
Finished Synthesize : Time (s): cpu = 00:00:01 ; elapsed = 00:00:04 . Memory (MB): peak = 1226.469 ; gain = 558.977
---------------------------------------------------------------------------------
---------------------------------------------------------------------------------
Finished Constraint Validation : Time (s): cpu = 00:00:02 ; elapsed = 00:00:05 . Memory (MB): peak = 1226.469 ; gain = 558.977
---------------------------------------------------------------------------------
---------------------------------------------------------------------------------
Start Loading Part and Timing Information
---------------------------------------------------------------------------------
Loading part: xc7vx485tffg1157-1
---------------------------------------------------------------------------------
Finished Loading Part and Timing Information : Time (s): cpu = 00:00:02 ; elapsed = 00:00:05 . Memory (MB): peak = 1226.469 ; gain = 558.977
---------------------------------------------------------------------------------
INFO: [Device 21-403] Loading part xc7vx485tffg1157-1
INFO: [Synth 8-802] inferred FSM for state register 'current_stage_reg' in module 'seq_detect'
---------------------------------------------------------------------------------------------------
                   State |                     New Encoding |                Previous Encoding 
---------------------------------------------------------------------------------------------------
                     S_0 |                              000 |                           000000
                     S_1 |                              001 |                           000001
                     S_2 |                              010 |                           000010
                     S_3 |                              011 |                           000011
                     S_4 |                              100 |                           000100
                     S_5 |                              101 |                           000101
                     S_6 |                              110 |                           000110
---------------------------------------------------------------------------------------------------
INFO: [Synth 8-3354] encoded FSM with state register 'current_stage_reg' using encoding 'sequential' in module 'seq_detect'
---------------------------------------------------------------------------------
Finished RTL Optimization Phase 2 : Time (s): cpu = 00:00:02 ; elapsed = 00:00:05 . Memory (MB): peak = 1226.469 ; gain = 558.977
---------------------------------------------------------------------------------
No constraint files found.
---------------------------------------------------------------------------------
Start RTL Component Statistics 
---------------------------------------------------------------------------------
Detailed RTL Component Info : 
+---Registers : 
	                1 Bit    Registers := 2     
+---Muxes : 
	   2 Input    3 Bit        Muxes := 2     
	   7 Input    3 Bit        Muxes := 1     
	  13 Input    3 Bit        Muxes := 1     
	   7 Input    1 Bit        Muxes := 1     
---------------------------------------------------------------------------------
Finished RTL Component Statistics 
---------------------------------------------------------------------------------
---------------------------------------------------------------------------------
Start Part Resource Summary
---------------------------------------------------------------------------------
INFO: [Device 21-9227] Part: xc7vx485tffg1157-1 does not have CEAM library.
Part Resources:
DSPs: 2800 (col length:140)
BRAMs: 2060 (col length: RAMB18 140 RAMB36 70)
---------------------------------------------------------------------------------
Finished Part Resource Summary
---------------------------------------------------------------------------------
No constraint files found.
---------------------------------------------------------------------------------
Start Cross Boundary and Area Optimization
---------------------------------------------------------------------------------
WARNING: [Synth 8-7080] Parallel synthesis criteria is not met
WARNING: [Synth 8-3332] Sequential element (seq_ins/FSM_sequential_current_stage_reg[2]) is unused and will be removed from module seq_detect_tb.
WARNING: [Synth 8-3332] Sequential element (seq_ins/FSM_sequential_current_stage_reg[1]) is unused and will be removed from module seq_detect_tb.
WARNING: [Synth 8-3332] Sequential element (seq_ins/FSM_sequential_current_stage_reg[0]) is unused and will be removed from module seq_detect_tb.
---------------------------------------------------------------------------------
Finished Cross Boundary and Area Optimization : Time (s): cpu = 00:00:03 ; elapsed = 00:00:10 . Memory (MB): peak = 1581.941 ; gain = 914.449
---------------------------------------------------------------------------------
No constraint files found.
---------------------------------------------------------------------------------
Start Timing Optimization
---------------------------------------------------------------------------------
---------------------------------------------------------------------------------
Finished Timing Optimization : Time (s): cpu = 00:00:03 ; elapsed = 00:00:10 . Memory (MB): peak = 1581.941 ; gain = 914.449
---------------------------------------------------------------------------------
---------------------------------------------------------------------------------
Start Technology Mapping
---------------------------------------------------------------------------------
---------------------------------------------------------------------------------
Finished Technology Mapping : Time (s): cpu = 00:00:03 ; elapsed = 00:00:10 . Memory (MB): peak = 1581.941 ; gain = 914.449
---------------------------------------------------------------------------------
---------------------------------------------------------------------------------
Start IO Insertion
---------------------------------------------------------------------------------
---------------------------------------------------------------------------------
Start Flattening Before IO Insertion
---------------------------------------------------------------------------------
---------------------------------------------------------------------------------
Finished Flattening Before IO Insertion
---------------------------------------------------------------------------------
---------------------------------------------------------------------------------
Start Final Netlist Cleanup
---------------------------------------------------------------------------------
---------------------------------------------------------------------------------
Finished Final Netlist Cleanup
---------------------------------------------------------------------------------
---------------------------------------------------------------------------------
Finished IO Insertion : Time (s): cpu = 00:00:04 ; elapsed = 00:00:13 . Memory (MB): peak = 1581.941 ; gain = 914.449
---------------------------------------------------------------------------------
---------------------------------------------------------------------------------
Start Renaming Generated Instances
---------------------------------------------------------------------------------
---------------------------------------------------------------------------------
Finished Renaming Generated Instances : Time (s): cpu = 00:00:04 ; elapsed = 00:00:13 . Memory (MB): peak = 1581.941 ; gain = 914.449
---------------------------------------------------------------------------------
---------------------------------------------------------------------------------
Start Rebuilding User Hierarchy
---------------------------------------------------------------------------------
---------------------------------------------------------------------------------
Finished Rebuilding User Hierarchy : Time (s): cpu = 00:00:04 ; elapsed = 00:00:13 . Memory (MB): peak = 1581.941 ; gain = 914.449
---------------------------------------------------------------------------------
---------------------------------------------------------------------------------
Start Renaming Generated Ports
---------------------------------------------------------------------------------
---------------------------------------------------------------------------------
Finished Renaming Generated Ports : Time (s): cpu = 00:00:04 ; elapsed = 00:00:13 . Memory (MB): peak = 1581.941 ; gain = 914.449
---------------------------------------------------------------------------------
---------------------------------------------------------------------------------
Start Handling Custom Attributes
---------------------------------------------------------------------------------
---------------------------------------------------------------------------------
Finished Handling Custom Attributes : Time (s): cpu = 00:00:04 ; elapsed = 00:00:13 . Memory (MB): peak = 1581.941 ; gain = 914.449
---------------------------------------------------------------------------------
---------------------------------------------------------------------------------
Start Renaming Generated Nets
---------------------------------------------------------------------------------
---------------------------------------------------------------------------------
Finished Renaming Generated Nets : Time (s): cpu = 00:00:04 ; elapsed = 00:00:13 . Memory (MB): peak = 1581.941 ; gain = 914.449
---------------------------------------------------------------------------------
---------------------------------------------------------------------------------
Start Writing Synthesis Report
---------------------------------------------------------------------------------

Report BlackBoxes: 
+-+--------------+----------+
| |BlackBox name |Instances |
+-+--------------+----------+
+-+--------------+----------+

Report Cell Usage: 
+-+-----+------+
| |Cell |Count |
+-+-----+------+
+-+-----+------+

Report Instance Areas: 
+------+---------+-------+------+
|      |Instance |Module |Cells |
+------+---------+-------+------+
|1     |top      |       |     0|
+------+---------+-------+------+
---------------------------------------------------------------------------------
Finished Writing Synthesis Report : Time (s): cpu = 00:00:04 ; elapsed = 00:00:13 . Memory (MB): peak = 1581.941 ; gain = 914.449
---------------------------------------------------------------------------------
Synthesis finished with 0 errors, 0 critical warnings and 7 warnings.
Synthesis Optimization Runtime : Time (s): cpu = 00:00:04 ; elapsed = 00:00:13 . Memory (MB): peak = 1581.941 ; gain = 914.449
Synthesis Optimization Complete : Time (s): cpu = 00:00:04 ; elapsed = 00:00:13 . Memory (MB): peak = 1581.941 ; gain = 914.449
INFO: [Project 1-571] Translating synthesized netlist
Netlist sorting complete. Time (s): cpu = 00:00:00 ; elapsed = 00:00:00 . Memory (MB): peak = 1581.941 ; gain = 0.000
INFO: [Project 1-570] Preparing netlist for logic optimization
INFO: [Opt 31-138] Pushed 0 inverter(s) to 0 load pin(s).
Netlist sorting complete. Time (s): cpu = 00:00:00 ; elapsed = 00:00:00 . Memory (MB): peak = 1705.223 ; gain = 0.000
INFO: [Project 1-111] Unisim Transformation Summary:
No Unisim elements were transformed.

Synth Design complete | Checksum: 9f47dfce
INFO: [Common 17-83] Releasing license: Synthesis
21 Infos, 7 Warnings, 0 Critical Warnings and 0 Errors encountered.
synth_design completed successfully
synth_design: Time (s): cpu = 00:00:04 ; elapsed = 00:00:15 . Memory (MB): peak = 1705.223 ; gain = 1045.055
INFO: [Common 17-1381] The checkpoint 'G:/Vivado/seq_detect/seq_detect.runs/synth_1/seq_detect_tb.dcp' has been generated.
INFO: [Vivado 12-24828] Executing command : report_utilization -file seq_detect_tb_utilization_synth.rpt -pb seq_detect_tb_utilization_synth.pb
INFO: [Common 17-206] Exiting Vivado at Fri Nov  8 01:23:21 2024...
